{
  "RSpec": {
    "coverage": {
      "/Users/gilbert/Desktop/new_hope/meal-system/spec/controllers/pages_controller_spec.rb": [
        1,
        null,
        1,
        null,
        1,
        1,
        1,
        1,
        null,
        null,
        null,
        null
      ],
      "/Users/gilbert/Desktop/new_hope/meal-system/spec/rails_helper.rb": [
        null,
        1,
        1,
        null,
        1,
        1,
        1,
        null,
        null,
        null,
        null,
        null,
        null,
        null,
        null,
        null,
        null,
        null,
        null,
        null,
        null,
        null,
        null,
        null,
        null,
        null,
        null,
        null,
        1,
        null,
        1,
        null,
        1,
        null,
        null,
        null,
        null,
        1,
        null,
        null,
        null,
        null,
        null,
        null,
        null,
        null,
        null,
        null,
        null,
        null,
        null,
        null,
        1,
        null,
        null,
        1,
        null,
        null,
        null
      ],
      "/Users/gilbert/Desktop/new_hope/meal-system/config/environment.rb": [
        null,
        1,
        null,
        null,
        1
      ],
      "/Users/gilbert/Desktop/new_hope/meal-system/config/application.rb": [
        1,
        null,
        1,
        1,
        1,
        null,
        null,
        null,
        1,
        null,
        1,
        1,
        null,
        null,
        null,
        null,
        null,
        null,
        null,
        null,
        null,
        null,
        null,
        null,
        null,
        1,
        null,
        null
      ],
      "/Users/gilbert/Desktop/new_hope/meal-system/config/boot.rb": [
        1,
        null,
        1
      ],
      "/Users/gilbert/Desktop/new_hope/meal-system/config/environments/test.rb": [
        1,
        null,
        null,
        null,
        null,
        null,
        null,
        1,
        null,
        null,
        null,
        null,
        1,
        null,
        null,
        1,
        1,
        null,
        null,
        1,
        1,
        null,
        null,
        1,
        null,
        null,
        1,
        null,
        null,
        null,
        null,
        1,
        null,
        null,
        1,
        null,
        null,
        1,
        null,
        null,
        null,
        null
      ],
      "/Users/gilbert/Desktop/new_hope/meal-system/config/initializers/assets.rb": [
        null,
        null,
        null,
        1,
        null,
        null,
        null,
        null,
        null,
        null,
        null
      ],
      "/Users/gilbert/Desktop/new_hope/meal-system/config/initializers/backtrace_silencers.rb": [
        null,
        null,
        null,
        null,
        null,
        null,
        null
      ],
      "/Users/gilbert/Desktop/new_hope/meal-system/config/initializers/cookies_serializer.rb": [
        null,
        null,
        1
      ],
      "/Users/gilbert/Desktop/new_hope/meal-system/config/initializers/filter_parameter_logging.rb": [
        null,
        null,
        null,
        1
      ],
      "/Users/gilbert/Desktop/new_hope/meal-system/config/initializers/inflections.rb": [
        null,
        null,
        null,
        null,
        null,
        null,
        null,
        null,
        null,
        null,
        null,
        null,
        null,
        null,
        null,
        null
      ],
      "/Users/gilbert/Desktop/new_hope/meal-system/config/initializers/mime_types.rb": [
        null,
        null,
        null,
        null
      ],
      "/Users/gilbert/Desktop/new_hope/meal-system/config/initializers/omniauth.rb": [
        1,
        null,
        null,
        1,
        1,
        null,
        null
      ],
      "/Users/gilbert/Desktop/new_hope/meal-system/config/initializers/session_store.rb": [
        null,
        null,
        1
      ],
      "/Users/gilbert/Desktop/new_hope/meal-system/config/initializers/wrap_parameters.rb": [
        null,
        null,
        null,
        null,
        null,
        null,
        1,
        1,
        null,
        null,
        null,
        null,
        null,
        null
      ],
      "/Users/gilbert/Desktop/new_hope/meal-system/spec/factories/meal.rb": [
        1,
        1,
        1,
        16,
        null,
        null,
        1,
        1,
        null,
        null
      ],
      "/Users/gilbert/Desktop/new_hope/meal-system/spec/factories/order.rb": [
        1,
        1,
        1,
        1,
        1,
        null,
        null
      ],
      "/Users/gilbert/Desktop/new_hope/meal-system/spec/factories/user.rb": [
        1,
        1,
        1,
        1,
        1,
        null,
        null
      ],
      "/Users/gilbert/Desktop/new_hope/meal-system/config/routes.rb": [
        1,
        1,
        null,
        1,
        1,
        1,
        null,
        1,
        1,
        1,
        1,
        null,
        null,
        null,
        1,
        1,
        1,
        null,
        null,
        null
      ],
      "/Users/gilbert/Desktop/new_hope/meal-system/app/helpers/application_helper.rb": [
        1,
        null
      ],
      "/Users/gilbert/Desktop/new_hope/meal-system/app/helpers/meals_helper.rb": [
        1,
        null
      ],
      "/Users/gilbert/Desktop/new_hope/meal-system/app/helpers/orders_helper.rb": [
        1,
        null
      ],
      "/Users/gilbert/Desktop/new_hope/meal-system/app/helpers/pages_helper.rb": [
        1,
        null
      ],
      "/Users/gilbert/Desktop/new_hope/meal-system/app/helpers/sessions_helper.rb": [
        1,
        null
      ],
      "/Users/gilbert/Desktop/new_hope/meal-system/app/controllers/pages_controller.rb": [
        1,
        1,
        1,
        null,
        null
      ],
      "/Users/gilbert/Desktop/new_hope/meal-system/app/controllers/application_controller.rb": [
        1,
        1,
        1,
        1,
        null,
        1,
        null,
        1,
        0,
        null,
        null
      ],
      "/Users/gilbert/Desktop/new_hope/meal-system/spec/models/meal_spec.rb": [
        1,
        null,
        null,
        1,
        null,
        1,
        1,
        null,
        null,
        8,
        null,
        1,
        null,
        2,
        2,
        null,
        null,
        2,
        2,
        null,
        null,
        1,
        2,
        2,
        null,
        null,
        1,
        2,
        null,
        null,
        null
      ],
      "/Users/gilbert/Desktop/new_hope/meal-system/app/models/meal.rb": [
        1,
        1,
        null,
        1,
        1,
        1,
        null,
        1,
        0,
        null,
        null
      ],
      "/Users/gilbert/Desktop/new_hope/meal-system/spec/models/order_spec.rb": [
        1,
        null,
        null,
        1,
        null,
        1,
        1,
        null,
        null,
        7,
        null,
        1,
        null,
        2,
        2,
        null,
        null,
        2,
        null,
        null,
        1,
        2,
        null,
        null,
        1,
        2,
        2,
        null,
        null,
        null
      ],
      "/Users/gilbert/Desktop/new_hope/meal-system/app/models/order.rb": [
        1,
        1,
        1,
        null,
        1,
        1,
        1,
        null,
        1,
        0,
        null,
        null
      ],
      "/Users/gilbert/Desktop/new_hope/meal-system/spec/models/user_spec.rb": [
        1,
        null,
        null,
        1,
        null,
        1,
        1,
        null,
        null,
        5,
        null,
        1,
        null,
        2,
        2,
        null,
        null,
        1,
        2,
        2,
        null,
        null,
        null
      ],
      "/Users/gilbert/Desktop/new_hope/meal-system/app/models/user.rb": [
        1,
        1,
        1,
        null,
        1,
        null,
        1,
        1,
        0,
        0,
        0,
        null,
        null,
        null
      ]
    },
    "timestamp": 1456506021
  }
}
